[05 Oct 2015 13:45:22] Building database metadata model
[05 Oct 2015 13:45:22] Properties: {partialRefresh=false, processColumnsUsingSelect=, includePrimaryKeys=true, eventSocketClient=com.webratio.commons.net.EventSocketClient@38d060ac, includeTables=true, username=postgres, outputLogPath=C:\Users\Alexander\Dropbox\TU Delft\TI\Master\IN4252 Web Science & Engineering\WebRatio project\Assignment\.Temp~\DB.xml.log, readIndexes=null, driverClass=org.postgresql.Driver, includeSynonyms=true, metaDataProviderClass=com.webratio.commons.db.metadata.PostgreSQLMetaDataProvider, outputPath=C:\Users\Alexander\Dropbox\TU Delft\TI\Master\IN4252 Web Science & Engineering\WebRatio project\Assignment\.Temp~\DB.xml, schemaRegex=null, readProcedures=null, includeViews=true, derby.system.home=C:\Users\Alexander\Dropbox\TU Delft\TI\Master\IN4252 Web Science & Engineering\WebRatio project\.metadata\.plugins\com.webratio.commons.db\derby, url=jdbc:postgresql://localhost:5432/assignment, tableRegex=null, readSQLDefinitions=true, includeForeignKeys=false, retrieveAllNames=false, tablesToRefresh=, eventSocketPort=58151}
[05 Oct 2015 13:45:22] URL: jdbc:postgresql://localhost:5432/assignment
[05 Oct 2015 13:45:22] Product name: PostgreSQL
[05 Oct 2015 13:45:22] Product version: 9.4.4
[05 Oct 2015 13:45:22] Driver name: PostgreSQL Native Driver
[05 Oct 2015 13:45:22] Driver version: PostgreSQL 9.3 JDBC3g (build 1103)
[05 Oct 2015 13:45:22] Driver major version: 9
[05 Oct 2015 13:45:22] Driver minor version: 3
[05 Oct 2015 13:45:22] Identifier quote string: 3
[05 Oct 2015 13:45:22] Retrieving schemas
[05 Oct 2015 13:45:22]   Found schema: information_schema
[05 Oct 2015 13:45:22]   Found schema: pg_catalog
[05 Oct 2015 13:45:22]   Found schema: public
[05 Oct 2015 13:45:22] Retrieving sequences
[05 Oct 2015 13:45:22] Retrieving [TABLE, VIEW, SYNONYM] for schema 'information_schema'
[05 Oct 2015 13:45:22] Retrieving [TABLE, VIEW, SYNONYM] for schema 'pg_catalog'
[05 Oct 2015 13:45:22] Retrieving [TABLE, VIEW, SYNONYM] for schema 'public'
[05 Oct 2015 13:45:22]   Found 'public.annotation' [type = TABLE]
[05 Oct 2015 13:45:22]   Found 'public.annotationcampaign' [type = TABLE]
[05 Oct 2015 13:45:22]   Found 'public.group' [type = TABLE]
[05 Oct 2015 13:45:22]   Found 'public.group_module' [type = TABLE]
[05 Oct 2015 13:45:22]   Found 'public.item' [type = TABLE]
[05 Oct 2015 13:45:22]   Found 'public.module' [type = TABLE]
[05 Oct 2015 13:45:22]   Found 'public.preassignedworkers' [type = TABLE]
[05 Oct 2015 13:45:22]   Found 'public.requester' [type = TABLE]
[05 Oct 2015 13:45:22]   Found 'public.skill' [type = TABLE]
[05 Oct 2015 13:45:22]   Found 'public.skill_task' [type = TABLE]
[05 Oct 2015 13:45:22]   Found 'public.skill_worker' [type = TABLE]
[05 Oct 2015 13:45:22]   Found 'public.task' [type = TABLE]
[05 Oct 2015 13:45:22]   Found 'public.task_item' [type = TABLE]
[05 Oct 2015 13:45:22]   Found 'public.user' [type = TABLE]
[05 Oct 2015 13:45:22]   Found 'public.user_group' [type = TABLE]
[05 Oct 2015 13:45:22]   Found 'public.worker' [type = TABLE]
[05 Oct 2015 13:45:22] Retrieving columns for 'public.annotation' [type = TABLE]
[05 Oct 2015 13:45:22]   Found column: oid [type = int4][SQL/XOPEN type = 4][size = 10][dec. digits = 0]
[05 Oct 2015 13:45:22]   Found column: label [type = varchar][SQL/XOPEN type = 12][size = 255][dec. digits = 0]
[05 Oct 2015 13:45:22]   Found column: confidence [type = int4][SQL/XOPEN type = 4][size = 10][dec. digits = 0]
[05 Oct 2015 13:45:22] Retrieving primary keys for 'public.annotation' [type = TABLE]
[05 Oct 2015 13:45:22]   Found primary key column: oid
[05 Oct 2015 13:45:22] Retrieving columns for 'public.annotationcampaign' [type = TABLE]
[05 Oct 2015 13:45:22]   Found column: oid [type = int4][SQL/XOPEN type = 4][size = 10][dec. digits = 0]
[05 Oct 2015 13:45:22]   Found column: budget [type = float8][SQL/XOPEN type = 8][size = 17][dec. digits = 17]
[05 Oct 2015 13:45:22]   Found column: status [type = bool][SQL/XOPEN type = -7][size = 1][dec. digits = 0]
[05 Oct 2015 13:45:22]   Found column: name [type = varchar][SQL/XOPEN type = 12][size = 255][dec. digits = 0]
[05 Oct 2015 13:45:22]   Found column: task_oid [type = int4][SQL/XOPEN type = 4][size = 10][dec. digits = 0]
[05 Oct 2015 13:45:22] Retrieving primary keys for 'public.annotationcampaign' [type = TABLE]
[05 Oct 2015 13:45:22]   Found primary key column: oid
[05 Oct 2015 13:45:22] Retrieving columns for 'public.group' [type = TABLE]
[05 Oct 2015 13:45:22]   Found column: oid [type = int4][SQL/XOPEN type = 4][size = 10][dec. digits = 0]
[05 Oct 2015 13:45:22]   Found column: groupname [type = varchar][SQL/XOPEN type = 12][size = 255][dec. digits = 0]
[05 Oct 2015 13:45:22]   Found column: module_oid [type = int4][SQL/XOPEN type = 4][size = 10][dec. digits = 0]
[05 Oct 2015 13:45:22] Retrieving primary keys for 'public.group' [type = TABLE]
[05 Oct 2015 13:45:22]   Found primary key column: oid
[05 Oct 2015 13:45:22] Retrieving columns for 'public.group_module' [type = TABLE]
[05 Oct 2015 13:45:22]   Found column: group_oid [type = int4][SQL/XOPEN type = 4][size = 10][dec. digits = 0]
[05 Oct 2015 13:45:22]   Found column: module_oid [type = int4][SQL/XOPEN type = 4][size = 10][dec. digits = 0]
[05 Oct 2015 13:45:22] Retrieving primary keys for 'public.group_module' [type = TABLE]
[05 Oct 2015 13:45:22]   Found primary key column: group_oid
[05 Oct 2015 13:45:22]   Found primary key column: module_oid
[05 Oct 2015 13:45:22] Retrieving columns for 'public.item' [type = TABLE]
[05 Oct 2015 13:45:22]   Found column: oid [type = int4][SQL/XOPEN type = 4][size = 10][dec. digits = 0]
[05 Oct 2015 13:45:22]   Found column: title [type = varchar][SQL/XOPEN type = 12][size = 255][dec. digits = 0]
[05 Oct 2015 13:45:22]   Found column: caption [type = varchar][SQL/XOPEN type = 12][size = 255][dec. digits = 0]
[05 Oct 2015 13:45:22]   Found column: url [type = varchar][SQL/XOPEN type = 12][size = 255][dec. digits = 0]
[05 Oct 2015 13:45:22]   Found column: annotation_oid [type = int4][SQL/XOPEN type = 4][size = 10][dec. digits = 0]
[05 Oct 2015 13:45:22] Retrieving primary keys for 'public.item' [type = TABLE]
[05 Oct 2015 13:45:22]   Found primary key column: oid
[05 Oct 2015 13:45:22] Retrieving columns for 'public.module' [type = TABLE]
[05 Oct 2015 13:45:22]   Found column: oid [type = int4][SQL/XOPEN type = 4][size = 10][dec. digits = 0]
[05 Oct 2015 13:45:22]   Found column: moduleid [type = varchar][SQL/XOPEN type = 12][size = 255][dec. digits = 0]
[05 Oct 2015 13:45:22]   Found column: modulename [type = varchar][SQL/XOPEN type = 12][size = 255][dec. digits = 0]
[05 Oct 2015 13:45:22] Retrieving primary keys for 'public.module' [type = TABLE]
[05 Oct 2015 13:45:22]   Found primary key column: oid
[05 Oct 2015 13:45:22] Retrieving columns for 'public.preassignedworkers' [type = TABLE]
[05 Oct 2015 13:45:22]   Found column: worker_oid [type = int4][SQL/XOPEN type = 4][size = 10][dec. digits = 0]
[05 Oct 2015 13:45:22]   Found column: task_oid [type = int4][SQL/XOPEN type = 4][size = 10][dec. digits = 0]
[05 Oct 2015 13:45:22] Retrieving primary keys for 'public.preassignedworkers' [type = TABLE]
[05 Oct 2015 13:45:22]   Found primary key column: worker_oid
[05 Oct 2015 13:45:22]   Found primary key column: task_oid
[05 Oct 2015 13:45:22] Retrieving columns for 'public.requester' [type = TABLE]
[05 Oct 2015 13:45:22]   Found column: oid [type = int4][SQL/XOPEN type = 4][size = 10][dec. digits = 0]
[05 Oct 2015 13:45:22]   Found column: annotationcampaign_oid [type = int4][SQL/XOPEN type = 4][size = 10][dec. digits = 0]
[05 Oct 2015 13:45:22]   Found column: user_oid [type = int4][SQL/XOPEN type = 4][size = 10][dec. digits = 0]
[05 Oct 2015 13:45:22] Retrieving primary keys for 'public.requester' [type = TABLE]
[05 Oct 2015 13:45:22]   Found primary key column: oid
[05 Oct 2015 13:45:22] Retrieving columns for 'public.skill' [type = TABLE]
[05 Oct 2015 13:45:22]   Found column: oid [type = int4][SQL/XOPEN type = 4][size = 10][dec. digits = 0]
[05 Oct 2015 13:45:22]   Found column: name [type = varchar][SQL/XOPEN type = 12][size = 255][dec. digits = 0]
[05 Oct 2015 13:45:22] Retrieving primary keys for 'public.skill' [type = TABLE]
[05 Oct 2015 13:45:22]   Found primary key column: oid
[05 Oct 2015 13:45:22] Retrieving columns for 'public.skill_task' [type = TABLE]
[05 Oct 2015 13:45:22]   Found column: skill_oid [type = int4][SQL/XOPEN type = 4][size = 10][dec. digits = 0]
[05 Oct 2015 13:45:22]   Found column: task_oid [type = int4][SQL/XOPEN type = 4][size = 10][dec. digits = 0]
[05 Oct 2015 13:45:22] Retrieving primary keys for 'public.skill_task' [type = TABLE]
[05 Oct 2015 13:45:22]   Found primary key column: skill_oid
[05 Oct 2015 13:45:22]   Found primary key column: task_oid
[05 Oct 2015 13:45:22] Retrieving columns for 'public.skill_worker' [type = TABLE]
[05 Oct 2015 13:45:22]   Found column: skill_oid [type = int4][SQL/XOPEN type = 4][size = 10][dec. digits = 0]
[05 Oct 2015 13:45:22]   Found column: worker_oid [type = int4][SQL/XOPEN type = 4][size = 10][dec. digits = 0]
[05 Oct 2015 13:45:22] Retrieving primary keys for 'public.skill_worker' [type = TABLE]
[05 Oct 2015 13:45:22]   Found primary key column: skill_oid
[05 Oct 2015 13:45:22]   Found primary key column: worker_oid
[05 Oct 2015 13:45:22] Retrieving columns for 'public.task' [type = TABLE]
[05 Oct 2015 13:45:22]   Found column: oid [type = int4][SQL/XOPEN type = 4][size = 10][dec. digits = 0]
[05 Oct 2015 13:45:22]   Found column: completed [type = bool][SQL/XOPEN type = -7][size = 1][dec. digits = 0]
[05 Oct 2015 13:45:22] Retrieving primary keys for 'public.task' [type = TABLE]
[05 Oct 2015 13:45:22]   Found primary key column: oid
[05 Oct 2015 13:45:22] Retrieving columns for 'public.task_item' [type = TABLE]
[05 Oct 2015 13:45:22]   Found column: task_oid [type = int4][SQL/XOPEN type = 4][size = 10][dec. digits = 0]
[05 Oct 2015 13:45:22]   Found column: item_oid [type = int4][SQL/XOPEN type = 4][size = 10][dec. digits = 0]
[05 Oct 2015 13:45:22] Retrieving primary keys for 'public.task_item' [type = TABLE]
[05 Oct 2015 13:45:22]   Found primary key column: task_oid
[05 Oct 2015 13:45:22]   Found primary key column: item_oid
[05 Oct 2015 13:45:22] Retrieving columns for 'public.user' [type = TABLE]
[05 Oct 2015 13:45:22]   Found column: oid [type = int4][SQL/XOPEN type = 4][size = 10][dec. digits = 0]
[05 Oct 2015 13:45:22]   Found column: username [type = varchar][SQL/XOPEN type = 12][size = 255][dec. digits = 0]
[05 Oct 2015 13:45:22]   Found column: password [type = varchar][SQL/XOPEN type = 12][size = 255][dec. digits = 0]
[05 Oct 2015 13:45:22]   Found column: email [type = varchar][SQL/XOPEN type = 12][size = 255][dec. digits = 0]
[05 Oct 2015 13:45:22]   Found column: birthdate [type = date][SQL/XOPEN type = 91][size = 13][dec. digits = 0]
[05 Oct 2015 13:45:22]   Found column: name [type = varchar][SQL/XOPEN type = 12][size = 255][dec. digits = 0]
[05 Oct 2015 13:45:22]   Found column: group_oid [type = int4][SQL/XOPEN type = 4][size = 10][dec. digits = 0]
[05 Oct 2015 13:45:22] Retrieving primary keys for 'public.user' [type = TABLE]
[05 Oct 2015 13:45:22]   Found primary key column: oid
[05 Oct 2015 13:45:22] Retrieving columns for 'public.user_group' [type = TABLE]
[05 Oct 2015 13:45:22]   Found column: user_oid [type = int4][SQL/XOPEN type = 4][size = 10][dec. digits = 0]
[05 Oct 2015 13:45:22]   Found column: group_oid [type = int4][SQL/XOPEN type = 4][size = 10][dec. digits = 0]
[05 Oct 2015 13:45:22] Retrieving primary keys for 'public.user_group' [type = TABLE]
[05 Oct 2015 13:45:22]   Found primary key column: user_oid
[05 Oct 2015 13:45:22]   Found primary key column: group_oid
[05 Oct 2015 13:45:22] Retrieving columns for 'public.worker' [type = TABLE]
[05 Oct 2015 13:45:22]   Found column: oid [type = int4][SQL/XOPEN type = 4][size = 10][dec. digits = 0]
[05 Oct 2015 13:45:22]   Found column: accuracy [type = float8][SQL/XOPEN type = 8][size = 17][dec. digits = 17]
[05 Oct 2015 13:45:22]   Found column: piggybank [type = float8][SQL/XOPEN type = 8][size = 17][dec. digits = 17]
[05 Oct 2015 13:45:22]   Found column: task_oid [type = int4][SQL/XOPEN type = 4][size = 10][dec. digits = 0]
[05 Oct 2015 13:45:22]   Found column: user_oid [type = int4][SQL/XOPEN type = 4][size = 10][dec. digits = 0]
[05 Oct 2015 13:45:22] Retrieving primary keys for 'public.worker' [type = TABLE]
[05 Oct 2015 13:45:22]   Found primary key column: oid
[05 Oct 2015 13:45:22] Database connection closed
