[05 Oct 2015 13:45:21] DEBUG Executing SQL script
[05 Oct 2015 13:45:21] INFO ================================================================================
[05 Oct 2015 13:45:21] INFO onError= 'stop'
[05 Oct 2015 13:45:21] INFO autoCommit= 'false'
[05 Oct 2015 13:45:21] INFO username= 'postgres'
[05 Oct 2015 13:45:21] INFO outputPath= 'C:\Users\Alexander\Dropbox\TU Delft\TI\Master\IN4252 Web Science & Engineering\WebRatio project\Assignment\.Temp~\UpdateSQL.xml'
[05 Oct 2015 13:45:21] INFO outputLogPath= 'C:\Users\Alexander\Dropbox\TU Delft\TI\Master\IN4252 Web Science & Engineering\WebRatio project\Assignment\.Temp~\UpdateSQL.xml.log'
[05 Oct 2015 13:45:21] INFO encoding= ''
[05 Oct 2015 13:45:21] INFO driverClass= 'org.postgresql.Driver'
[05 Oct 2015 13:45:21] INFO sqlScript= 'C:\Users\Alexander\Dropbox\TU Delft\TI\Master\IN4252 Web Science & Engineering\WebRatio project\Assignment\.Temp~\UpdateSQL.sql'
[05 Oct 2015 13:45:21] INFO eventSocketPort= '58148'
[05 Oct 2015 13:45:21] INFO statementSeparator= ';'
[05 Oct 2015 13:45:21] INFO derby.system.home= 'C:\Users\Alexander\Dropbox\TU Delft\TI\Master\IN4252 Web Science & Engineering\WebRatio project\.metadata\.plugins\com.webratio.commons.db\derby'
[05 Oct 2015 13:45:21] INFO password= 'test'
[05 Oct 2015 13:45:21] INFO url= 'jdbc:postgresql://localhost:5432/assignment'
[05 Oct 2015 13:45:21] INFO ================================================================================
[05 Oct 2015 13:45:21] INFO Connecting to the Database...
[05 Oct 2015 13:45:21] INFO Database connection estabilished
[05 Oct 2015 13:45:21] INFO transaction isolation: 2
[05 Oct 2015 13:45:21] DEBUG ================================================================================
[05 Oct 2015 13:45:21] DEBUG Executing SQL script file: C:\Users\Alexander\Dropbox\TU Delft\TI\Master\IN4252 Web Science & Engineering\WebRatio project\Assignment\.Temp~\UpdateSQL.sql
[05 Oct 2015 13:45:21] DEBUG Executing statement:  create table "public"."group" ( "oid"  int4  not null, "groupname"  varchar(255), primary key ("oid") )
[05 Oct 2015 13:45:21] DEBUG Executing statement:    create table "public"."module" ( "oid"  int4  not null, "moduleid"  varchar(255), "modulename"  varchar(255), primary key ("oid") )
[05 Oct 2015 13:45:21] DEBUG Executing statement:    create table "public"."user" ( "oid"  int4  not null, "username"  varchar(255), "password"  varchar(255), "email"  varchar(255), "birthdate"  date, "name"  varchar(255), primary key ("oid") )
[05 Oct 2015 13:45:21] DEBUG Executing statement:    create table "public"."item" ( "oid"  int4  not null, "title"  varchar(255), "caption"  varchar(255), "url"  varchar(255), primary key ("oid") )
[05 Oct 2015 13:45:21] DEBUG Executing statement:    create table "public"."task" ( "oid"  int4  not null, "completed"  bool, primary key ("oid") )
[05 Oct 2015 13:45:21] DEBUG Executing statement:    create table "public"."worker" ( "oid"  int4  not null, "accuracy"  float8, "piggybank"  float8, primary key ("oid") )
[05 Oct 2015 13:45:21] DEBUG Executing statement:    create table "public"."annotation" ( "oid"  int4  not null, "label"  varchar(255), "confidence"  int4, primary key ("oid") )
[05 Oct 2015 13:45:21] DEBUG Executing statement:    create table "public"."annotationcampaign" ( "oid"  int4  not null, "budget"  float8, "status"  bool, "name"  varchar(255), primary key ("oid") )
[05 Oct 2015 13:45:21] DEBUG Executing statement:    create table "public"."requester" ( "oid"  int4  not null, primary key ("oid") )
[05 Oct 2015 13:45:21] DEBUG Executing statement:    create table "public"."skill" ( "oid"  int4  not null, "name"  varchar(255), primary key ("oid") )
[05 Oct 2015 13:45:21] DEBUG Executing statement:    alter table "public"."group"  add column  "module_oid"  int4
[05 Oct 2015 13:45:21] DEBUG Executing statement:  alter table "public"."group"   add constraint fk_group_module foreign key ("module_oid") references "public"."module" ("oid")
[05 Oct 2015 13:45:21] DEBUG Executing statement:    create table "public"."group_module" ( "group_oid"  int4 not null, "module_oid"  int4 not null, primary key ("group_oid", "module_oid") )
[05 Oct 2015 13:45:21] DEBUG Executing statement:  alter table "public"."group_module"   add constraint fk_group_module_group foreign key ("group_oid") references "public"."group" ("oid")
[05 Oct 2015 13:45:21] DEBUG Executing statement:  alter table "public"."group_module"   add constraint fk_group_module_module foreign key ("module_oid") references "public"."module" ("oid")
[05 Oct 2015 13:45:21] DEBUG Executing statement:    alter table "public"."user"  add column  "group_oid"  int4
[05 Oct 2015 13:45:21] DEBUG Executing statement:  alter table "public"."user"   add constraint fk_user_group foreign key ("group_oid") references "public"."group" ("oid")
[05 Oct 2015 13:45:21] DEBUG Executing statement:    create table "public"."user_group" ( "user_oid"  int4 not null, "group_oid"  int4 not null, primary key ("user_oid", "group_oid") )
[05 Oct 2015 13:45:21] DEBUG Executing statement:  alter table "public"."user_group"   add constraint fk_user_group_user foreign key ("user_oid") references "public"."user" ("oid")
[05 Oct 2015 13:45:21] DEBUG Executing statement:  alter table "public"."user_group"   add constraint fk_user_group_group foreign key ("group_oid") references "public"."group" ("oid")
[05 Oct 2015 13:45:21] DEBUG Executing statement:    alter table "public"."requester"  add column  "annotationcampaign_oid"  int4
[05 Oct 2015 13:45:21] DEBUG Executing statement:  alter table "public"."requester"   add constraint fk_requester_annotationcampaig foreign key ("annotationcampaign_oid") references "public"."annotationcampaign" ("oid")
[05 Oct 2015 13:45:21] DEBUG Executing statement:    alter table "public"."worker"  add column  "task_oid"  int4
[05 Oct 2015 13:45:21] DEBUG Executing statement:  alter table "public"."worker"   add constraint fk_worker_task foreign key ("task_oid") references "public"."task" ("oid")
[05 Oct 2015 13:45:21] DEBUG Executing statement:    alter table "public"."annotationcampaign"  add column  "task_oid"  int4
[05 Oct 2015 13:45:21] DEBUG Executing statement:  alter table "public"."annotationcampaign"   add constraint fk_annotationcampaign_task foreign key ("task_oid") references "public"."task" ("oid")
[05 Oct 2015 13:45:21] DEBUG Executing statement:    create table "public"."task_item" ( "task_oid"  int4 not null, "item_oid"  int4 not null, primary key ("task_oid", "item_oid") )
[05 Oct 2015 13:45:21] DEBUG Executing statement:  alter table "public"."task_item"   add constraint fk_task_item_task foreign key ("task_oid") references "public"."task" ("oid")
[05 Oct 2015 13:45:21] DEBUG Executing statement:  alter table "public"."task_item"   add constraint fk_task_item_item foreign key ("item_oid") references "public"."item" ("oid")
[05 Oct 2015 13:45:21] DEBUG Executing statement:    alter table "public"."worker"  add column  "user_oid"  int4
[05 Oct 2015 13:45:21] DEBUG Executing statement:  alter table "public"."worker"   add constraint fk_worker_user foreign key ("user_oid") references "public"."user" ("oid")
[05 Oct 2015 13:45:21] DEBUG Executing statement:    create table "public"."preassignedworkers" ( "worker_oid"  int4 not null, "task_oid"  int4 not null, primary key ("worker_oid", "task_oid") )
[05 Oct 2015 13:45:21] DEBUG Executing statement:  alter table "public"."preassignedworkers"   add constraint fk_preassignedworkers_worker foreign key ("worker_oid") references "public"."worker" ("oid")
[05 Oct 2015 13:45:21] DEBUG Executing statement:  alter table "public"."preassignedworkers"   add constraint fk_preassignedworkers_task foreign key ("task_oid") references "public"."task" ("oid")
[05 Oct 2015 13:45:21] DEBUG Executing statement:    alter table "public"."item"  add column  "annotation_oid"  int4
[05 Oct 2015 13:45:21] DEBUG Executing statement:  alter table "public"."item"   add constraint fk_item_annotation foreign key ("annotation_oid") references "public"."annotation" ("oid")
[05 Oct 2015 13:45:21] DEBUG Executing statement:    alter table "public"."requester"  add column  "user_oid"  int4
[05 Oct 2015 13:45:21] DEBUG Executing statement:  alter table "public"."requester"   add constraint fk_requester_user foreign key ("user_oid") references "public"."user" ("oid")
[05 Oct 2015 13:45:21] DEBUG Executing statement:    create table "public"."skill_worker" ( "skill_oid"  int4 not null, "worker_oid"  int4 not null, primary key ("skill_oid", "worker_oid") )
[05 Oct 2015 13:45:21] DEBUG Executing statement:  alter table "public"."skill_worker"   add constraint fk_skill_worker_skill foreign key ("skill_oid") references "public"."skill" ("oid")
[05 Oct 2015 13:45:21] DEBUG Executing statement:  alter table "public"."skill_worker"   add constraint fk_skill_worker_worker foreign key ("worker_oid") references "public"."worker" ("oid")
[05 Oct 2015 13:45:21] DEBUG Executing statement:    create table "public"."skill_task" ( "skill_oid"  int4 not null, "task_oid"  int4 not null, primary key ("skill_oid", "task_oid") )
[05 Oct 2015 13:45:21] DEBUG Executing statement:  alter table "public"."skill_task"   add constraint fk_skill_task_skill foreign key ("skill_oid") references "public"."skill" ("oid")
[05 Oct 2015 13:45:21] DEBUG Executing statement:  alter table "public"."skill_task"   add constraint fk_skill_task_task foreign key ("task_oid") references "public"."task" ("oid")
[05 Oct 2015 13:45:21] DEBUG ================================================================================
[05 Oct 2015 13:45:21] DEBUG SQL SCRIPT SUCCESSFULLY EXECUTED
[05 Oct 2015 13:45:21] INFO Database connection closed
[05 Oct 2015 13:45:21] DEBUG Total time: 438 milliseconds
